<?xml version="1.0" encoding="UTF-8"?>
<testng-results ignored="0" total="1" passed="1" failed="0" skipped="0">
  <reporter-output>
  </reporter-output>
  <suite started-at="2023-11-10T13:50:39 IST" name="Default suite" finished-at="2023-11-10T13:50:44 IST" duration-ms="4094">
    <groups>
    </groups>
    <test started-at="2023-11-10T13:50:39 IST" name="Default test" finished-at="2023-11-10T13:50:44 IST" duration-ms="4094">
      <class name="restAssuredDemo.loggingmethods">
        <test-method signature="loggingRestAssured()[pri:49, instance:restAssuredDemo.loggingmethods@68759011]" started-at="2023-11-10T13:50:40 IST" name="loggingRestAssured" finished-at="2023-11-10T13:50:44 IST" duration-ms="4060" status="PASS">
          <reporter-output>
          </reporter-output>
        </test-method> <!-- loggingRestAssured -->
      </class> <!-- restAssuredDemo.loggingmethods -->
    </test> <!-- Default test -->
  </suite> <!-- Default suite -->
</testng-results>
